{
  "/Users/tomblaymire/Development/tomblaymire.com/src/assets/icons/close.svg": {
    "path": "/Users/tomblaymire/Development/tomblaymire.com/src/assets/icons/close.svg",
    "statementMap": {},
    "fnMap": {},
    "branchMap": {},
    "s": {},
    "f": {},
    "b": {},
    "meta": { "lastBranch": 0, "lastFunction": 0, "lastStatement": 0, "seen": {} }
  },
  "/Users/tomblaymire/Development/tomblaymire.com/src/assets/icons/moon.svg": {
    "path": "/Users/tomblaymire/Development/tomblaymire.com/src/assets/icons/moon.svg",
    "statementMap": {},
    "fnMap": {},
    "branchMap": {},
    "s": {},
    "f": {},
    "b": {},
    "meta": { "lastBranch": 0, "lastFunction": 0, "lastStatement": 0, "seen": {} }
  },
  "/Users/tomblaymire/Development/tomblaymire.com/src/assets/icons/sun.svg": {
    "path": "/Users/tomblaymire/Development/tomblaymire.com/src/assets/icons/sun.svg",
    "statementMap": {},
    "fnMap": {},
    "branchMap": {},
    "s": {},
    "f": {},
    "b": {},
    "meta": { "lastBranch": 0, "lastFunction": 0, "lastStatement": 0, "seen": {} }
  },
  "/Users/tomblaymire/Development/tomblaymire.com/src/components/button.tsx": {
    "path": "/Users/tomblaymire/Development/tomblaymire.com/src/components/button.tsx",
    "statementMap": {
      "0": {
        "start": { "line": 11, "column": 22 },
        "end": { "line": 40, "column": null }
      },
      "1": { "start": { "line": 18, "column": 2 }, "end": { "line": 38, "column": null } }
    },
    "fnMap": {
      "0": {
        "name": "(anonymous_0)",
        "decl": {
          "start": { "line": 11, "column": 22 },
          "end": { "line": 11, "column": 23 }
        },
        "loc": {
          "start": { "line": 17, "column": 19 },
          "end": { "line": 40, "column": null }
        },
        "line": 17
      }
    },
    "branchMap": {
      "0": {
        "loc": {
          "start": { "line": 14, "column": 2 },
          "end": { "line": 14, "column": null }
        },
        "type": "default-arg",
        "locations": [
          { "start": { "line": 14, "column": 10 }, "end": { "line": 14, "column": null } }
        ],
        "line": 14
      },
      "1": {
        "loc": {
          "start": { "line": 26, "column": 8 },
          "end": { "line": 26, "column": null }
        },
        "type": "binary-expr",
        "locations": [
          { "start": { "line": 26, "column": 8 }, "end": { "line": 26, "column": 31 } },
          { "start": { "line": 26, "column": 31 }, "end": { "line": 26, "column": null } }
        ],
        "line": 26
      },
      "2": {
        "loc": {
          "start": { "line": 27, "column": 8 },
          "end": { "line": 28, "column": null }
        },
        "type": "binary-expr",
        "locations": [
          { "start": { "line": 27, "column": 8 }, "end": { "line": 27, "column": null } },
          { "start": { "line": 28, "column": 10 }, "end": { "line": 28, "column": null } }
        ],
        "line": 27
      },
      "3": {
        "loc": {
          "start": { "line": 29, "column": 8 },
          "end": { "line": 30, "column": null }
        },
        "type": "binary-expr",
        "locations": [
          { "start": { "line": 29, "column": 8 }, "end": { "line": 29, "column": null } },
          { "start": { "line": 30, "column": 10 }, "end": { "line": 30, "column": null } }
        ],
        "line": 29
      },
      "4": {
        "loc": {
          "start": { "line": 31, "column": 8 },
          "end": { "line": 31, "column": null }
        },
        "type": "binary-expr",
        "locations": [
          { "start": { "line": 31, "column": 8 }, "end": { "line": 31, "column": 28 } },
          { "start": { "line": 31, "column": 28 }, "end": { "line": 31, "column": null } }
        ],
        "line": 31
      },
      "5": {
        "loc": {
          "start": { "line": 33, "column": 8 },
          "end": { "line": 33, "column": null }
        },
        "type": "binary-expr",
        "locations": [
          { "start": { "line": 33, "column": 8 }, "end": { "line": 33, "column": 20 } },
          { "start": { "line": 33, "column": 20 }, "end": { "line": 33, "column": null } }
        ],
        "line": 33
      }
    },
    "s": { "0": 3, "1": 18 },
    "f": { "0": 18 },
    "b": {
      "0": [18],
      "1": [18, 12],
      "2": [18, 1],
      "3": [18, 5],
      "4": [18, 0],
      "5": [18, 2]
    },
    "meta": {
      "lastBranch": 6,
      "lastFunction": 1,
      "lastStatement": 2,
      "seen": {
        "s:11:22:40:Infinity": 0,
        "f:11:22:11:23": 0,
        "b:14:10:14:Infinity": 0,
        "s:18:2:38:Infinity": 1,
        "b:26:8:26:31:26:31:26:Infinity": 1,
        "b:27:8:27:Infinity:28:10:28:Infinity": 2,
        "b:29:8:29:Infinity:30:10:30:Infinity": 3,
        "b:31:8:31:28:31:28:31:Infinity": 4,
        "b:33:8:33:20:33:20:33:Infinity": 5
      }
    }
  },
  "/Users/tomblaymire/Development/tomblaymire.com/src/components/card.tsx": {
    "path": "/Users/tomblaymire/Development/tomblaymire.com/src/components/card.tsx",
    "statementMap": {
      "0": { "start": { "line": 9, "column": 2 }, "end": { "line": 19, "column": null } }
    },
    "fnMap": {
      "0": {
        "name": "Card",
        "decl": {
          "start": { "line": 8, "column": 16 },
          "end": { "line": 8, "column": 21 }
        },
        "loc": {
          "start": { "line": 8, "column": 57 },
          "end": { "line": 21, "column": null }
        },
        "line": 8
      }
    },
    "branchMap": {},
    "s": { "0": 4 },
    "f": { "0": 4 },
    "b": {},
    "meta": {
      "lastBranch": 0,
      "lastFunction": 1,
      "lastStatement": 1,
      "seen": { "f:8:16:8:21": 0, "s:9:2:19:Infinity": 0 }
    }
  },
  "/Users/tomblaymire/Development/tomblaymire.com/src/components/error-message.tsx": {
    "path": "/Users/tomblaymire/Development/tomblaymire.com/src/components/error-message.tsx",
    "statementMap": {
      "0": { "start": { "line": 6, "column": 2 }, "end": { "line": 10, "column": null } }
    },
    "fnMap": {
      "0": {
        "name": "ErrorMessage",
        "decl": {
          "start": { "line": 5, "column": 16 },
          "end": { "line": 5, "column": 29 }
        },
        "loc": {
          "start": { "line": 5, "column": 69 },
          "end": { "line": 12, "column": null }
        },
        "line": 5
      }
    },
    "branchMap": {},
    "s": { "0": 3 },
    "f": { "0": 3 },
    "b": {},
    "meta": {
      "lastBranch": 0,
      "lastFunction": 1,
      "lastStatement": 1,
      "seen": { "f:5:16:5:29": 0, "s:6:2:10:Infinity": 0 }
    }
  },
  "/Users/tomblaymire/Development/tomblaymire.com/src/components/modal.tsx": {
    "path": "/Users/tomblaymire/Development/tomblaymire.com/src/components/modal.tsx",
    "statementMap": {
      "0": {
        "start": { "line": 16, "column": 21 },
        "end": { "line": 80, "column": null }
      },
      "1": {
        "start": { "line": 23, "column": 8 },
        "end": { "line": 23, "column": null }
      },
      "2": {
        "start": { "line": 26, "column": 29 },
        "end": { "line": 26, "column": null }
      },
      "3": {
        "start": { "line": 26, "column": 35 },
        "end": { "line": 26, "column": null }
      },
      "4": {
        "start": { "line": 29, "column": 8 },
        "end": { "line": 31, "column": null }
      },
      "5": {
        "start": { "line": 30, "column": 4 },
        "end": { "line": 30, "column": null }
      },
      "6": {
        "start": { "line": 30, "column": 32 },
        "end": { "line": 30, "column": null }
      },
      "7": {
        "start": { "line": 33, "column": 2 },
        "end": { "line": 33, "column": null }
      },
      "8": {
        "start": { "line": 35, "column": 2 },
        "end": { "line": 44, "column": null }
      },
      "9": {
        "start": { "line": 36, "column": 4 },
        "end": { "line": 43, "column": null }
      },
      "10": {
        "start": { "line": 38, "column": 6 },
        "end": { "line": 38, "column": null }
      },
      "11": {
        "start": { "line": 40, "column": 6 },
        "end": { "line": 42, "column": null }
      },
      "12": {
        "start": { "line": 41, "column": 8 },
        "end": { "line": 41, "column": null }
      },
      "13": {
        "start": { "line": 46, "column": 2 },
        "end": { "line": 78, "column": null }
      }
    },
    "fnMap": {
      "0": {
        "name": "(anonymous_0)",
        "decl": {
          "start": { "line": 16, "column": 21 },
          "end": { "line": 16, "column": 22 }
        },
        "loc": {
          "start": { "line": 22, "column": 31 },
          "end": { "line": 80, "column": null }
        },
        "line": 22
      },
      "1": {
        "name": "(anonymous_1)",
        "decl": {
          "start": { "line": 26, "column": 29 },
          "end": { "line": 26, "column": 35 }
        },
        "loc": {
          "start": { "line": 26, "column": 35 },
          "end": { "line": 26, "column": null }
        },
        "line": 26
      },
      "2": {
        "name": "(anonymous_2)",
        "decl": {
          "start": { "line": 29, "column": 37 },
          "end": { "line": 29, "column": 38 }
        },
        "loc": {
          "start": { "line": 29, "column": 63 },
          "end": { "line": 31, "column": 5 }
        },
        "line": 29
      },
      "3": {
        "name": "(anonymous_3)",
        "decl": {
          "start": { "line": 35, "column": 12 },
          "end": { "line": 35, "column": 18 }
        },
        "loc": {
          "start": { "line": 35, "column": 18 },
          "end": { "line": 44, "column": 5 }
        },
        "line": 35
      },
      "4": {
        "name": "(anonymous_4)",
        "decl": {
          "start": { "line": 40, "column": 13 },
          "end": { "line": 40, "column": 19 }
        },
        "loc": {
          "start": { "line": 40, "column": 19 },
          "end": { "line": 42, "column": null }
        },
        "line": 40
      }
    },
    "branchMap": {
      "0": {
        "loc": {
          "start": { "line": 30, "column": 4 },
          "end": { "line": 30, "column": null }
        },
        "type": "if",
        "locations": [
          { "start": { "line": 30, "column": 4 }, "end": { "line": 30, "column": null } },
          { "start": {}, "end": {} }
        ],
        "line": 30
      },
      "1": {
        "loc": {
          "start": { "line": 36, "column": 4 },
          "end": { "line": 43, "column": null }
        },
        "type": "if",
        "locations": [
          { "start": { "line": 36, "column": 4 }, "end": { "line": 43, "column": null } },
          { "start": {}, "end": {} }
        ],
        "line": 36
      },
      "2": {
        "loc": {
          "start": { "line": 47, "column": 23 },
          "end": { "line": 47, "column": 49 }
        },
        "type": "cond-expr",
        "locations": [
          { "start": { "line": 47, "column": 34 }, "end": { "line": 47, "column": 43 } },
          { "start": { "line": 47, "column": 43 }, "end": { "line": 47, "column": 49 } }
        ],
        "line": 47
      },
      "3": {
        "loc": {
          "start": { "line": 65, "column": 13 },
          "end": { "line": 65, "column": null }
        },
        "type": "cond-expr",
        "locations": [
          { "start": { "line": 65, "column": 21 }, "end": { "line": 65, "column": 40 } },
          { "start": { "line": 65, "column": 40 }, "end": { "line": 65, "column": null } }
        ],
        "line": 65
      }
    },
    "s": {
      "0": 1,
      "1": 2,
      "2": 2,
      "3": 0,
      "4": 2,
      "5": 0,
      "6": 0,
      "7": 2,
      "8": 2,
      "9": 2,
      "10": 2,
      "11": 2,
      "12": 2,
      "13": 2
    },
    "f": { "0": 2, "1": 0, "2": 0, "3": 2, "4": 2 },
    "b": { "0": [0, 0], "1": [2, 0], "2": [2, 0], "3": [2, 0] },
    "meta": {
      "lastBranch": 4,
      "lastFunction": 5,
      "lastStatement": 14,
      "seen": {
        "s:16:21:80:Infinity": 0,
        "f:16:21:16:22": 0,
        "s:23:8:23:Infinity": 1,
        "s:26:29:26:Infinity": 2,
        "f:26:29:26:35": 1,
        "s:26:35:26:Infinity": 3,
        "s:29:8:31:Infinity": 4,
        "f:29:37:29:38": 2,
        "b:30:4:30:Infinity:undefined:undefined:undefined:undefined": 0,
        "s:30:4:30:Infinity": 5,
        "s:30:32:30:Infinity": 6,
        "s:33:2:33:Infinity": 7,
        "s:35:2:44:Infinity": 8,
        "f:35:12:35:18": 3,
        "b:36:4:43:Infinity:undefined:undefined:undefined:undefined": 1,
        "s:36:4:43:Infinity": 9,
        "s:38:6:38:Infinity": 10,
        "s:40:6:42:Infinity": 11,
        "f:40:13:40:19": 4,
        "s:41:8:41:Infinity": 12,
        "s:46:2:78:Infinity": 13,
        "b:47:34:47:43:47:43:47:49": 2,
        "b:65:21:65:40:65:40:65:Infinity": 3
      }
    }
  },
  "/Users/tomblaymire/Development/tomblaymire.com/src/components/navigation.tsx": {
    "path": "/Users/tomblaymire/Development/tomblaymire.com/src/components/navigation.tsx",
    "statementMap": {
      "0": {
        "start": { "line": 16, "column": 2 },
        "end": { "line": 35, "column": null }
      },
      "1": {
        "start": { "line": 19, "column": 8 },
        "end": { "line": 33, "column": null }
      },
      "2": {
        "start": { "line": 27, "column": 29 },
        "end": { "line": 27, "column": null }
      },
      "3": {
        "start": { "line": 28, "column": 37 },
        "end": { "line": 28, "column": null }
      },
      "4": {
        "start": { "line": 40, "column": 2 },
        "end": { "line": 45, "column": null }
      },
      "5": {
        "start": { "line": 50, "column": 26 },
        "end": { "line": 50, "column": null }
      },
      "6": {
        "start": { "line": 51, "column": 8 },
        "end": { "line": 51, "column": null }
      },
      "7": {
        "start": { "line": 52, "column": 2 },
        "end": { "line": 88, "column": null }
      },
      "8": {
        "start": { "line": 58, "column": 29 },
        "end": { "line": 58, "column": null }
      },
      "9": {
        "start": { "line": 68, "column": 33 },
        "end": { "line": 68, "column": null }
      }
    },
    "fnMap": {
      "0": {
        "name": "renderNavItems",
        "decl": {
          "start": { "line": 12, "column": 9 },
          "end": { "line": 12, "column": null }
        },
        "loc": {
          "start": { "line": 15, "column": 2 },
          "end": { "line": 37, "column": null }
        },
        "line": 15
      },
      "1": {
        "name": "(anonymous_1)",
        "decl": {
          "start": { "line": 18, "column": 17 },
          "end": { "line": 18, "column": 18 }
        },
        "loc": {
          "start": { "line": 19, "column": 8 },
          "end": { "line": 33, "column": null }
        },
        "line": 19
      },
      "2": {
        "name": "(anonymous_2)",
        "decl": {
          "start": { "line": 27, "column": 23 },
          "end": { "line": 27, "column": 29 }
        },
        "loc": {
          "start": { "line": 27, "column": 29 },
          "end": { "line": 27, "column": null }
        },
        "line": 27
      },
      "3": {
        "name": "(anonymous_3)",
        "decl": {
          "start": { "line": 28, "column": 25 },
          "end": { "line": 28, "column": 26 }
        },
        "loc": {
          "start": { "line": 28, "column": 37 },
          "end": { "line": 28, "column": null }
        },
        "line": 28
      },
      "4": {
        "name": "MobileNavigation",
        "decl": {
          "start": { "line": 39, "column": 9 },
          "end": { "line": 39, "column": 26 }
        },
        "loc": {
          "start": { "line": 39, "column": 63 },
          "end": { "line": 47, "column": null }
        },
        "line": 39
      },
      "5": {
        "name": "Navigation",
        "decl": {
          "start": { "line": 49, "column": 16 },
          "end": { "line": 49, "column": 27 }
        },
        "loc": {
          "start": { "line": 49, "column": 74 },
          "end": { "line": 90, "column": null }
        },
        "line": 49
      },
      "6": {
        "name": "(anonymous_6)",
        "decl": {
          "start": { "line": 58, "column": 23 },
          "end": { "line": 58, "column": 29 }
        },
        "loc": {
          "start": { "line": 58, "column": 29 },
          "end": { "line": 58, "column": null }
        },
        "line": 58
      },
      "7": {
        "name": "(anonymous_7)",
        "decl": {
          "start": { "line": 68, "column": 27 },
          "end": { "line": 68, "column": 33 }
        },
        "loc": {
          "start": { "line": 68, "column": 33 },
          "end": { "line": 68, "column": null }
        },
        "line": 68
      }
    },
    "branchMap": {
      "0": {
        "loc": {
          "start": { "line": 20, "column": 11 },
          "end": { "line": 31, "column": null }
        },
        "type": "cond-expr",
        "locations": [
          {
            "start": { "line": 21, "column": 12 },
            "end": { "line": 23, "column": null }
          },
          { "start": { "line": 25, "column": 12 }, "end": { "line": 31, "column": null } }
        ],
        "line": 20
      },
      "1": {
        "loc": {
          "start": { "line": 28, "column": 46 },
          "end": { "line": 28, "column": 82 }
        },
        "type": "binary-expr",
        "locations": [
          { "start": { "line": 28, "column": 46 }, "end": { "line": 28, "column": 58 } },
          { "start": { "line": 28, "column": 58 }, "end": { "line": 28, "column": 82 } }
        ],
        "line": 28
      },
      "2": {
        "loc": {
          "start": { "line": 54, "column": 7 },
          "end": { "line": 86, "column": null }
        },
        "type": "cond-expr",
        "locations": [
          { "start": { "line": 55, "column": 8 }, "end": { "line": 74, "column": null } },
          { "start": { "line": 76, "column": 8 }, "end": { "line": 86, "column": null } }
        ],
        "line": 54
      },
      "3": {
        "loc": {
          "start": { "line": 64, "column": 11 },
          "end": { "line": 73, "column": null }
        },
        "type": "cond-expr",
        "locations": [
          {
            "start": { "line": 65, "column": 12 },
            "end": { "line": 72, "column": null }
          },
          { "start": { "line": 73, "column": 14 }, "end": { "line": 73, "column": null } }
        ],
        "line": 64
      },
      "4": {
        "loc": {
          "start": { "line": 80, "column": 12 },
          "end": { "line": 82, "column": null }
        },
        "type": "cond-expr",
        "locations": [
          {
            "start": { "line": 81, "column": 16 },
            "end": { "line": 81, "column": null }
          },
          { "start": { "line": 82, "column": 16 }, "end": { "line": 82, "column": null } }
        ],
        "line": 80
      }
    },
    "s": {
      "0": 7,
      "1": 28,
      "2": 0,
      "3": 15,
      "4": 2,
      "5": 11,
      "6": 11,
      "7": 11,
      "8": 2,
      "9": 1
    },
    "f": { "0": 7, "1": 28, "2": 0, "3": 15, "4": 2, "5": 11, "6": 2, "7": 1 },
    "b": { "0": [7, 21], "1": [15, 5], "2": [8, 3], "3": [4, 4], "4": [0, 3] },
    "meta": {
      "lastBranch": 5,
      "lastFunction": 8,
      "lastStatement": 10,
      "seen": {
        "f:12:9:12:Infinity": 0,
        "s:16:2:35:Infinity": 0,
        "f:18:17:18:18": 1,
        "s:19:8:33:Infinity": 1,
        "b:21:12:23:Infinity:25:12:31:Infinity": 0,
        "f:27:23:27:29": 2,
        "s:27:29:27:Infinity": 2,
        "f:28:25:28:26": 3,
        "s:28:37:28:Infinity": 3,
        "b:28:46:28:58:28:58:28:82": 1,
        "f:39:9:39:26": 4,
        "s:40:2:45:Infinity": 4,
        "f:49:16:49:27": 5,
        "s:50:26:50:Infinity": 5,
        "s:51:8:51:Infinity": 6,
        "s:52:2:88:Infinity": 7,
        "b:55:8:74:Infinity:76:8:86:Infinity": 2,
        "f:58:23:58:29": 6,
        "s:58:29:58:Infinity": 8,
        "b:65:12:72:Infinity:73:14:73:Infinity": 3,
        "f:68:27:68:33": 7,
        "s:68:33:68:Infinity": 9,
        "b:81:16:81:Infinity:82:16:82:Infinity": 4
      }
    }
  },
  "/Users/tomblaymire/Development/tomblaymire.com/src/components/post.tsx": {
    "path": "/Users/tomblaymire/Development/tomblaymire.com/src/components/post.tsx",
    "statementMap": {
      "0": {
        "start": { "line": 11, "column": 52 },
        "end": { "line": 11, "column": null }
      },
      "1": { "start": { "line": 13, "column": 2 }, "end": { "line": 40, "column": null } }
    },
    "fnMap": {
      "0": {
        "name": "Post",
        "decl": {
          "start": { "line": 10, "column": 16 },
          "end": { "line": 10, "column": 21 }
        },
        "loc": {
          "start": { "line": 10, "column": 58 },
          "end": { "line": 42, "column": null }
        },
        "line": 10
      }
    },
    "branchMap": {
      "0": {
        "loc": {
          "start": { "line": 16, "column": 9 },
          "end": { "line": 16, "column": null }
        },
        "type": "cond-expr",
        "locations": [
          { "start": { "line": 16, "column": 23 }, "end": { "line": 16, "column": 57 } },
          { "start": { "line": 16, "column": 57 }, "end": { "line": 16, "column": null } }
        ],
        "line": 16
      }
    },
    "s": { "0": 16, "1": 16 },
    "f": { "0": 16 },
    "b": { "0": [15, 1] },
    "meta": {
      "lastBranch": 1,
      "lastFunction": 1,
      "lastStatement": 2,
      "seen": {
        "f:10:16:10:21": 0,
        "s:11:52:11:Infinity": 0,
        "s:13:2:40:Infinity": 1,
        "b:16:23:16:57:16:57:16:Infinity": 0
      }
    }
  },
  "/Users/tomblaymire/Development/tomblaymire.com/src/components/posts.tsx": {
    "path": "/Users/tomblaymire/Development/tomblaymire.com/src/components/posts.tsx",
    "statementMap": {
      "0": {
        "start": { "line": 11, "column": 23 },
        "end": { "line": 11, "column": null }
      },
      "1": {
        "start": { "line": 12, "column": 25 },
        "end": { "line": 12, "column": null }
      },
      "2": {
        "start": { "line": 14, "column": 22 },
        "end": { "line": 22, "column": null }
      },
      "3": {
        "start": { "line": 15, "column": 4 },
        "end": { "line": 15, "column": null }
      },
      "4": {
        "start": { "line": 15, "column": 15 },
        "end": { "line": 15, "column": null }
      },
      "5": {
        "start": { "line": 16, "column": 4 },
        "end": { "line": 20, "column": null }
      },
      "6": {
        "start": { "line": 17, "column": 6 },
        "end": { "line": 19, "column": null }
      },
      "7": {
        "start": { "line": 18, "column": 8 },
        "end": { "line": 18, "column": null }
      },
      "8": {
        "start": { "line": 21, "column": 4 },
        "end": { "line": 21, "column": null }
      },
      "9": { "start": { "line": 24, "column": 2 }, "end": { "line": 24, "column": null } }
    },
    "fnMap": {
      "0": {
        "name": "Posts",
        "decl": {
          "start": { "line": 10, "column": 16 },
          "end": { "line": 10, "column": 22 }
        },
        "loc": {
          "start": { "line": 10, "column": 45 },
          "end": { "line": 25, "column": null }
        },
        "line": 10
      },
      "1": {
        "name": "(anonymous_1)",
        "decl": {
          "start": { "line": 14, "column": 22 },
          "end": { "line": 14, "column": 28 }
        },
        "loc": {
          "start": { "line": 14, "column": 28 },
          "end": { "line": 22, "column": null }
        },
        "line": 14
      },
      "2": {
        "name": "(anonymous_2)",
        "decl": {
          "start": { "line": 17, "column": 32 },
          "end": { "line": 17, "column": 33 }
        },
        "loc": {
          "start": { "line": 18, "column": 8 },
          "end": { "line": 18, "column": null }
        },
        "line": 18
      }
    },
    "branchMap": {
      "0": {
        "loc": {
          "start": { "line": 12, "column": 25 },
          "end": { "line": 12, "column": null }
        },
        "type": "cond-expr",
        "locations": [
          { "start": { "line": 12, "column": 33 }, "end": { "line": 12, "column": 66 } },
          { "start": { "line": 12, "column": 66 }, "end": { "line": 12, "column": null } }
        ],
        "line": 12
      },
      "1": {
        "loc": {
          "start": { "line": 12, "column": 33 },
          "end": { "line": 12, "column": 66 }
        },
        "type": "binary-expr",
        "locations": [
          { "start": { "line": 12, "column": 33 }, "end": { "line": 12, "column": 42 } },
          { "start": { "line": 12, "column": 42 }, "end": { "line": 12, "column": 66 } }
        ],
        "line": 12
      },
      "2": {
        "loc": {
          "start": { "line": 15, "column": 4 },
          "end": { "line": 15, "column": null }
        },
        "type": "if",
        "locations": [
          { "start": { "line": 15, "column": 4 }, "end": { "line": 15, "column": null } },
          { "start": {}, "end": {} }
        ],
        "line": 15
      },
      "3": {
        "loc": {
          "start": { "line": 16, "column": 4 },
          "end": { "line": 20, "column": null }
        },
        "type": "if",
        "locations": [
          { "start": { "line": 16, "column": 4 }, "end": { "line": 20, "column": null } },
          { "start": {}, "end": {} }
        ],
        "line": 16
      }
    },
    "s": {
      "0": 4,
      "1": 4,
      "2": 4,
      "3": 4,
      "4": 0,
      "5": 4,
      "6": 4,
      "7": 10,
      "8": 0,
      "9": 4
    },
    "f": { "0": 4, "1": 4, "2": 10 },
    "b": { "0": [3, 1], "1": [3, 3], "2": [0, 4], "3": [4, 0] },
    "meta": {
      "lastBranch": 4,
      "lastFunction": 3,
      "lastStatement": 10,
      "seen": {
        "f:10:16:10:22": 0,
        "s:11:23:11:Infinity": 0,
        "s:12:25:12:Infinity": 1,
        "b:12:33:12:66:12:66:12:Infinity": 0,
        "b:12:33:12:42:12:42:12:66": 1,
        "s:14:22:22:Infinity": 2,
        "f:14:22:14:28": 1,
        "b:15:4:15:Infinity:undefined:undefined:undefined:undefined": 2,
        "s:15:4:15:Infinity": 3,
        "s:15:15:15:Infinity": 4,
        "b:16:4:20:Infinity:undefined:undefined:undefined:undefined": 3,
        "s:16:4:20:Infinity": 5,
        "s:17:6:19:Infinity": 6,
        "f:17:32:17:33": 2,
        "s:18:8:18:Infinity": 7,
        "s:21:4:21:Infinity": 8,
        "s:24:2:24:Infinity": 9
      }
    }
  },
  "/Users/tomblaymire/Development/tomblaymire.com/src/components/theme-toggle.tsx": {
    "path": "/Users/tomblaymire/Development/tomblaymire.com/src/components/theme-toggle.tsx",
    "statementMap": {
      "0": {
        "start": { "line": 12, "column": 23 },
        "end": { "line": 12, "column": null }
      },
      "1": {
        "start": { "line": 12, "column": 29 },
        "end": { "line": 12, "column": null }
      },
      "2": { "start": { "line": 13, "column": 2 }, "end": { "line": 26, "column": null } }
    },
    "fnMap": {
      "0": {
        "name": "ThemeToggle",
        "decl": {
          "start": { "line": 11, "column": 16 },
          "end": { "line": 11, "column": 28 }
        },
        "loc": {
          "start": { "line": 11, "column": 70 },
          "end": { "line": 28, "column": null }
        },
        "line": 11
      },
      "1": {
        "name": "(anonymous_1)",
        "decl": {
          "start": { "line": 12, "column": 23 },
          "end": { "line": 12, "column": 29 }
        },
        "loc": {
          "start": { "line": 12, "column": 29 },
          "end": { "line": 12, "column": null }
        },
        "line": 12
      }
    },
    "branchMap": {
      "0": {
        "loc": {
          "start": { "line": 20, "column": 9 },
          "end": { "line": 23, "column": null }
        },
        "type": "cond-expr",
        "locations": [
          {
            "start": { "line": 21, "column": 10 },
            "end": { "line": 21, "column": null }
          },
          { "start": { "line": 23, "column": 10 }, "end": { "line": 23, "column": null } }
        ],
        "line": 20
      }
    },
    "s": { "0": 4, "1": 1, "2": 4 },
    "f": { "0": 4, "1": 1 },
    "b": { "0": [3, 1] },
    "meta": {
      "lastBranch": 1,
      "lastFunction": 2,
      "lastStatement": 3,
      "seen": {
        "f:11:16:11:28": 0,
        "s:12:23:12:Infinity": 0,
        "f:12:23:12:29": 1,
        "s:12:29:12:Infinity": 1,
        "s:13:2:26:Infinity": 2,
        "b:21:10:21:Infinity:23:10:23:Infinity": 0
      }
    }
  },
  "/Users/tomblaymire/Development/tomblaymire.com/src/components/time.tsx": {
    "path": "/Users/tomblaymire/Development/tomblaymire.com/src/components/time.tsx",
    "statementMap": {
      "0": {
        "start": { "line": 11, "column": 8 },
        "end": { "line": 11, "column": null }
      },
      "1": { "start": { "line": 12, "column": 2 }, "end": { "line": 25, "column": null } }
    },
    "fnMap": {
      "0": {
        "name": "Time",
        "decl": {
          "start": { "line": 10, "column": 16 },
          "end": { "line": 10, "column": 21 }
        },
        "loc": {
          "start": { "line": 10, "column": 70 },
          "end": { "line": 27, "column": null }
        },
        "line": 10
      }
    },
    "branchMap": {},
    "s": { "0": 18, "1": 18 },
    "f": { "0": 18 },
    "b": {},
    "meta": {
      "lastBranch": 0,
      "lastFunction": 1,
      "lastStatement": 2,
      "seen": { "f:10:16:10:21": 0, "s:11:8:11:Infinity": 0, "s:12:2:25:Infinity": 1 }
    }
  },
  "/Users/tomblaymire/Development/tomblaymire.com/src/content/articles/frontend-observability-with-grafana.mdx": {
    "path": "/Users/tomblaymire/Development/tomblaymire.com/src/content/articles/frontend-observability-with-grafana.mdx",
    "statementMap": {
      "0": { "start": { "line": 1, "column": 13 }, "end": { "line": 6, "column": null } }
    },
    "fnMap": {},
    "branchMap": {},
    "s": { "0": 4 },
    "f": {},
    "b": {},
    "meta": {
      "lastBranch": 0,
      "lastFunction": 0,
      "lastStatement": 1,
      "seen": { "s:1:13:6:Infinity": 0 }
    }
  },
  "/Users/tomblaymire/Development/tomblaymire.com/src/content/articles/generics-in-typescript.mdx": {
    "path": "/Users/tomblaymire/Development/tomblaymire.com/src/content/articles/generics-in-typescript.mdx",
    "statementMap": {
      "0": { "start": { "line": 1, "column": 13 }, "end": { "line": 7, "column": null } }
    },
    "fnMap": {},
    "branchMap": {},
    "s": { "0": 4 },
    "f": {},
    "b": {},
    "meta": {
      "lastBranch": 0,
      "lastFunction": 0,
      "lastStatement": 1,
      "seen": { "s:1:13:7:Infinity": 0 }
    }
  },
  "/Users/tomblaymire/Development/tomblaymire.com/src/content/articles/git-commands-for-developers.mdx": {
    "path": "/Users/tomblaymire/Development/tomblaymire.com/src/content/articles/git-commands-for-developers.mdx",
    "statementMap": {
      "0": { "start": { "line": 1, "column": 13 }, "end": { "line": 7, "column": null } }
    },
    "fnMap": {},
    "branchMap": {},
    "s": { "0": 4 },
    "f": {},
    "b": {},
    "meta": {
      "lastBranch": 0,
      "lastFunction": 0,
      "lastStatement": 1,
      "seen": { "s:1:13:7:Infinity": 0 }
    }
  },
  "/Users/tomblaymire/Development/tomblaymire.com/src/content/articles/index.ts": {
    "path": "/Users/tomblaymire/Development/tomblaymire.com/src/content/articles/index.ts",
    "statementMap": {
      "0": {
        "start": { "line": 19, "column": 28 },
        "end": { "line": 40, "column": null }
      },
      "1": {
        "start": { "line": 42, "column": 30 },
        "end": { "line": 47, "column": null }
      },
      "2": {
        "start": { "line": 43, "column": 2 },
        "end": { "line": 46, "column": null }
      },
      "3": {
        "start": { "line": 45, "column": 6 },
        "end": { "line": 45, "column": null }
      },
      "4": {
        "start": { "line": 49, "column": 32 },
        "end": { "line": 51, "column": null }
      },
      "5": {
        "start": { "line": 50, "column": 2 },
        "end": { "line": 50, "column": null }
      },
      "6": { "start": { "line": 50, "column": 36 }, "end": { "line": 50, "column": 62 } }
    },
    "fnMap": {
      "0": {
        "name": "(anonymous_0)",
        "decl": {
          "start": { "line": 42, "column": 30 },
          "end": { "line": 42, "column": 47 }
        },
        "loc": {
          "start": { "line": 42, "column": 47 },
          "end": { "line": 47, "column": null }
        },
        "line": 42
      },
      "1": {
        "name": "(anonymous_1)",
        "decl": {
          "start": { "line": 44, "column": 4 },
          "end": { "line": 44, "column": 5 }
        },
        "loc": {
          "start": { "line": 45, "column": 6 },
          "end": { "line": 45, "column": null }
        },
        "line": 45
      },
      "2": {
        "name": "(anonymous_2)",
        "decl": {
          "start": { "line": 49, "column": 32 },
          "end": { "line": 49, "column": 33 }
        },
        "loc": {
          "start": { "line": 49, "column": 71 },
          "end": { "line": 51, "column": null }
        },
        "line": 49
      },
      "3": {
        "name": "(anonymous_3)",
        "decl": {
          "start": { "line": 50, "column": 23 },
          "end": { "line": 50, "column": 24 }
        },
        "loc": {
          "start": { "line": 50, "column": 36 },
          "end": { "line": 50, "column": 62 }
        },
        "line": 50
      }
    },
    "branchMap": {},
    "s": { "0": 4, "1": 4, "2": 14, "3": 56, "4": 4, "5": 7, "6": 29 },
    "f": { "0": 14, "1": 56, "2": 7, "3": 29 },
    "b": {},
    "meta": {
      "lastBranch": 0,
      "lastFunction": 4,
      "lastStatement": 7,
      "seen": {
        "s:19:28:40:Infinity": 0,
        "s:42:30:47:Infinity": 1,
        "f:42:30:42:47": 0,
        "s:43:2:46:Infinity": 2,
        "f:44:4:44:5": 1,
        "s:45:6:45:Infinity": 3,
        "s:49:32:51:Infinity": 4,
        "f:49:32:49:33": 2,
        "s:50:2:50:Infinity": 5,
        "f:50:23:50:24": 3,
        "s:50:36:50:62": 6
      }
    }
  },
  "/Users/tomblaymire/Development/tomblaymire.com/src/content/articles/practical-typescript-patterns.mdx": {
    "path": "/Users/tomblaymire/Development/tomblaymire.com/src/content/articles/practical-typescript-patterns.mdx",
    "statementMap": {
      "0": { "start": { "line": 1, "column": 13 }, "end": { "line": 6, "column": null } }
    },
    "fnMap": {},
    "branchMap": {},
    "s": { "0": 4 },
    "f": {},
    "b": {},
    "meta": {
      "lastBranch": 0,
      "lastFunction": 0,
      "lastStatement": 1,
      "seen": { "s:1:13:6:Infinity": 0 }
    }
  },
  "/Users/tomblaymire/Development/tomblaymire.com/src/content/articles/top-ui-inspiration-websites.mdx": {
    "path": "/Users/tomblaymire/Development/tomblaymire.com/src/content/articles/top-ui-inspiration-websites.mdx",
    "statementMap": {
      "0": { "start": { "line": 1, "column": 13 }, "end": { "line": 7, "column": null } }
    },
    "fnMap": {},
    "branchMap": {},
    "s": { "0": 4 },
    "f": {},
    "b": {},
    "meta": {
      "lastBranch": 0,
      "lastFunction": 0,
      "lastStatement": 1,
      "seen": { "s:1:13:7:Infinity": 0 }
    }
  },
  "/Users/tomblaymire/Development/tomblaymire.com/src/helpers/cn.ts": {
    "path": "/Users/tomblaymire/Development/tomblaymire.com/src/helpers/cn.ts",
    "statementMap": {
      "0": { "start": { "line": 12, "column": 2 }, "end": { "line": 12, "column": null } }
    },
    "fnMap": {
      "0": {
        "name": "cn",
        "decl": {
          "start": { "line": 11, "column": 16 },
          "end": { "line": 11, "column": 22 }
        },
        "loc": {
          "start": { "line": 11, "column": 44 },
          "end": { "line": 13, "column": null }
        },
        "line": 11
      }
    },
    "branchMap": {},
    "s": { "0": 67 },
    "f": { "0": 67 },
    "b": {},
    "meta": {
      "lastBranch": 0,
      "lastFunction": 1,
      "lastStatement": 1,
      "seen": { "f:11:16:11:22": 0, "s:12:2:12:Infinity": 0 }
    }
  },
  "/Users/tomblaymire/Development/tomblaymire.com/src/helpers/date.ts": {
    "path": "/Users/tomblaymire/Development/tomblaymire.com/src/helpers/date.ts",
    "statementMap": {
      "0": { "start": { "line": 2, "column": 26 }, "end": { "line": 2, "column": null } },
      "1": { "start": { "line": 2, "column": 44 }, "end": { "line": 2, "column": null } }
    },
    "fnMap": {
      "0": {
        "name": "(anonymous_0)",
        "decl": {
          "start": { "line": 2, "column": 26 },
          "end": { "line": 2, "column": 27 }
        },
        "loc": {
          "start": { "line": 2, "column": 44 },
          "end": { "line": 2, "column": null }
        },
        "line": 2
      }
    },
    "branchMap": {},
    "s": { "0": 4, "1": 21 },
    "f": { "0": 21 },
    "b": {},
    "meta": {
      "lastBranch": 0,
      "lastFunction": 1,
      "lastStatement": 2,
      "seen": { "s:2:26:2:Infinity": 0, "f:2:26:2:27": 0, "s:2:44:2:Infinity": 1 }
    }
  },
  "/Users/tomblaymire/Development/tomblaymire.com/src/helpers/device.ts": {
    "path": "/Users/tomblaymire/Development/tomblaymire.com/src/helpers/device.ts",
    "statementMap": {
      "0": { "start": { "line": 1, "column": 21 }, "end": { "line": 9, "column": null } },
      "1": {
        "start": { "line": 11, "column": 22 },
        "end": { "line": 19, "column": null }
      }
    },
    "fnMap": {},
    "branchMap": {},
    "s": { "0": 2, "1": 2 },
    "f": {},
    "b": {},
    "meta": {
      "lastBranch": 0,
      "lastFunction": 0,
      "lastStatement": 2,
      "seen": { "s:1:21:9:Infinity": 0, "s:11:22:19:Infinity": 1 }
    }
  },
  "/Users/tomblaymire/Development/tomblaymire.com/src/helpers/post.ts": {
    "path": "/Users/tomblaymire/Development/tomblaymire.com/src/helpers/post.ts",
    "statementMap": {
      "0": {
        "start": { "line": 4, "column": 26 },
        "end": { "line": 11, "column": null }
      },
      "1": { "start": { "line": 5, "column": 15 }, "end": { "line": 5, "column": null } },
      "2": { "start": { "line": 6, "column": 2 }, "end": { "line": 10, "column": null } }
    },
    "fnMap": {
      "0": {
        "name": "(anonymous_0)",
        "decl": {
          "start": { "line": 4, "column": 26 },
          "end": { "line": 4, "column": 27 }
        },
        "loc": {
          "start": { "line": 4, "column": 58 },
          "end": { "line": 11, "column": null }
        },
        "line": 4
      }
    },
    "branchMap": {},
    "s": { "0": 1, "1": 4, "2": 4 },
    "f": { "0": 4 },
    "b": {},
    "meta": {
      "lastBranch": 0,
      "lastFunction": 1,
      "lastStatement": 3,
      "seen": {
        "s:4:26:11:Infinity": 0,
        "f:4:26:4:27": 0,
        "s:5:15:5:Infinity": 1,
        "s:6:2:10:Infinity": 2
      }
    }
  },
  "/Users/tomblaymire/Development/tomblaymire.com/src/helpers/theme.ts": {
    "path": "/Users/tomblaymire/Development/tomblaymire.com/src/helpers/theme.ts",
    "statementMap": {
      "0": { "start": { "line": 1, "column": 7 }, "end": { "line": 1, "column": null } },
      "1": { "start": { "line": 2, "column": 2 }, "end": { "line": 2, "column": null } },
      "2": { "start": { "line": 3, "column": 2 }, "end": { "line": 3, "column": null } },
      "3": { "start": { "line": 1, "column": 12 }, "end": { "line": 1, "column": null } }
    },
    "fnMap": {
      "0": {
        "name": "(anonymous_0)",
        "decl": {
          "start": { "line": 1, "column": 7 },
          "end": { "line": 1, "column": 12 }
        },
        "loc": {
          "start": { "line": 1, "column": 7 },
          "end": { "line": 1, "column": null }
        },
        "line": 1
      }
    },
    "branchMap": {
      "0": {
        "loc": {
          "start": { "line": 1, "column": 12 },
          "end": { "line": 1, "column": null }
        },
        "type": "binary-expr",
        "locations": [
          { "start": { "line": 1, "column": 12 }, "end": { "line": 1, "column": null } },
          { "start": { "line": 1, "column": 12 }, "end": { "line": 1, "column": null } }
        ],
        "line": 1
      }
    },
    "s": { "0": 3, "1": 3, "2": 3, "3": 3 },
    "f": { "0": 3 },
    "b": { "0": [3, 3] },
    "meta": {
      "lastBranch": 1,
      "lastFunction": 1,
      "lastStatement": 4,
      "seen": {
        "s:1:7:1:Infinity": 0,
        "f:1:7:1:12": 0,
        "s:2:2:2:Infinity": 1,
        "s:3:2:3:Infinity": 2,
        "s:1:12:1:Infinity": 3,
        "b:1:12:1:Infinity:1:12:1:Infinity": 0
      }
    }
  },
  "/Users/tomblaymire/Development/tomblaymire.com/src/hooks/useLightMode.ts": {
    "path": "/Users/tomblaymire/Development/tomblaymire.com/src/hooks/useLightMode.ts",
    "statementMap": {
      "0": { "start": { "line": 5, "column": 14 }, "end": { "line": 8, "column": null } },
      "1": {
        "start": { "line": 10, "column": 28 },
        "end": { "line": 44, "column": null }
      },
      "2": {
        "start": { "line": 11, "column": 24 },
        "end": { "line": 11, "column": null }
      },
      "3": {
        "start": { "line": 12, "column": 46 },
        "end": { "line": 12, "column": null }
      },
      "4": {
        "start": { "line": 14, "column": 18 },
        "end": { "line": 23, "column": null }
      },
      "5": {
        "start": { "line": 15, "column": 4 },
        "end": { "line": 15, "column": null }
      },
      "6": {
        "start": { "line": 16, "column": 4 },
        "end": { "line": 16, "column": null }
      },
      "7": {
        "start": { "line": 18, "column": 4 },
        "end": { "line": 22, "column": null }
      },
      "8": {
        "start": { "line": 19, "column": 6 },
        "end": { "line": 19, "column": null }
      },
      "9": {
        "start": { "line": 21, "column": 6 },
        "end": { "line": 21, "column": null }
      },
      "10": {
        "start": { "line": 25, "column": 22 },
        "end": { "line": 30, "column": null }
      },
      "11": {
        "start": { "line": 26, "column": 4 },
        "end": { "line": 28, "column": null }
      },
      "12": {
        "start": { "line": 27, "column": 6 },
        "end": { "line": 27, "column": null }
      },
      "13": {
        "start": { "line": 29, "column": 4 },
        "end": { "line": 29, "column": null }
      },
      "14": {
        "start": { "line": 32, "column": 2 },
        "end": { "line": 41, "column": null }
      },
      "15": {
        "start": { "line": 33, "column": 23 },
        "end": { "line": 33, "column": null }
      },
      "16": {
        "start": { "line": 34, "column": 4 },
        "end": { "line": 39, "column": null }
      },
      "17": {
        "start": { "line": 35, "column": 6 },
        "end": { "line": 35, "column": null }
      },
      "18": {
        "start": { "line": 38, "column": 6 },
        "end": { "line": 38, "column": null }
      },
      "19": {
        "start": { "line": 40, "column": 4 },
        "end": { "line": 40, "column": null }
      },
      "20": {
        "start": { "line": 43, "column": 2 },
        "end": { "line": 43, "column": null }
      }
    },
    "fnMap": {
      "0": {
        "name": "(anonymous_0)",
        "decl": {
          "start": { "line": 10, "column": 28 },
          "end": { "line": 10, "column": 34 }
        },
        "loc": {
          "start": { "line": 10, "column": 34 },
          "end": { "line": 44, "column": null }
        },
        "line": 10
      },
      "1": {
        "name": "(anonymous_1)",
        "decl": {
          "start": { "line": 14, "column": 18 },
          "end": { "line": 14, "column": 19 }
        },
        "loc": {
          "start": { "line": 14, "column": 35 },
          "end": { "line": 23, "column": null }
        },
        "line": 14
      },
      "2": {
        "name": "(anonymous_2)",
        "decl": {
          "start": { "line": 25, "column": 22 },
          "end": { "line": 25, "column": 28 }
        },
        "loc": {
          "start": { "line": 25, "column": 28 },
          "end": { "line": 30, "column": null }
        },
        "line": 25
      },
      "3": {
        "name": "(anonymous_3)",
        "decl": {
          "start": { "line": 32, "column": 12 },
          "end": { "line": 32, "column": 18 }
        },
        "loc": {
          "start": { "line": 32, "column": 18 },
          "end": { "line": 41, "column": 5 }
        },
        "line": 32
      }
    },
    "branchMap": {
      "0": {
        "loc": {
          "start": { "line": 18, "column": 4 },
          "end": { "line": 22, "column": null }
        },
        "type": "if",
        "locations": [
          { "start": { "line": 18, "column": 4 }, "end": { "line": 22, "column": null } },
          { "start": { "line": 20, "column": 11 }, "end": { "line": 22, "column": null } }
        ],
        "line": 18
      },
      "1": {
        "loc": {
          "start": { "line": 26, "column": 4 },
          "end": { "line": 28, "column": null }
        },
        "type": "if",
        "locations": [
          { "start": { "line": 26, "column": 4 }, "end": { "line": 28, "column": null } },
          { "start": {}, "end": {} }
        ],
        "line": 26
      },
      "2": {
        "loc": {
          "start": { "line": 34, "column": 4 },
          "end": { "line": 39, "column": null }
        },
        "type": "if",
        "locations": [
          { "start": { "line": 34, "column": 4 }, "end": { "line": 39, "column": null } },
          { "start": { "line": 36, "column": 11 }, "end": { "line": 39, "column": null } }
        ],
        "line": 34
      },
      "3": {
        "loc": {
          "start": { "line": 34, "column": 8 },
          "end": { "line": 34, "column": 81 }
        },
        "type": "binary-expr",
        "locations": [
          { "start": { "line": 34, "column": 8 }, "end": { "line": 34, "column": 23 } },
          { "start": { "line": 34, "column": 23 }, "end": { "line": 34, "column": 52 } },
          { "start": { "line": 34, "column": 52 }, "end": { "line": 34, "column": 81 } }
        ],
        "line": 34
      }
    },
    "s": {
      "0": 1,
      "1": 1,
      "2": 22,
      "3": 22,
      "4": 22,
      "5": 14,
      "6": 14,
      "7": 14,
      "8": 9,
      "9": 5,
      "10": 22,
      "11": 6,
      "12": 4,
      "13": 2,
      "14": 22,
      "15": 8,
      "16": 8,
      "17": 1,
      "18": 7,
      "19": 8,
      "20": 22
    },
    "f": { "0": 22, "1": 14, "2": 6, "3": 8 },
    "b": { "0": [9, 5], "1": [4, 2], "2": [1, 7], "3": [8, 2, 2] },
    "meta": {
      "lastBranch": 4,
      "lastFunction": 4,
      "lastStatement": 21,
      "seen": {
        "s:5:14:8:Infinity": 0,
        "s:10:28:44:Infinity": 1,
        "f:10:28:10:34": 0,
        "s:11:24:11:Infinity": 2,
        "s:12:46:12:Infinity": 3,
        "s:14:18:23:Infinity": 4,
        "f:14:18:14:19": 1,
        "s:15:4:15:Infinity": 5,
        "s:16:4:16:Infinity": 6,
        "b:18:4:22:Infinity:20:11:22:Infinity": 0,
        "s:18:4:22:Infinity": 7,
        "s:19:6:19:Infinity": 8,
        "s:21:6:21:Infinity": 9,
        "s:25:22:30:Infinity": 10,
        "f:25:22:25:28": 2,
        "b:26:4:28:Infinity:undefined:undefined:undefined:undefined": 1,
        "s:26:4:28:Infinity": 11,
        "s:27:6:27:Infinity": 12,
        "s:29:4:29:Infinity": 13,
        "s:32:2:41:Infinity": 14,
        "f:32:12:32:18": 3,
        "s:33:23:33:Infinity": 15,
        "b:34:4:39:Infinity:36:11:39:Infinity": 2,
        "s:34:4:39:Infinity": 16,
        "b:34:8:34:23:34:23:34:52:34:52:34:81": 3,
        "s:35:6:35:Infinity": 17,
        "s:38:6:38:Infinity": 18,
        "s:40:4:40:Infinity": 19,
        "s:43:2:43:Infinity": 20
      }
    }
  },
  "/Users/tomblaymire/Development/tomblaymire.com/src/hooks/useMediaQuery.ts": {
    "path": "/Users/tomblaymire/Development/tomblaymire.com/src/hooks/useMediaQuery.ts",
    "statementMap": {
      "0": {
        "start": { "line": 4, "column": 21 },
        "end": { "line": 10, "column": null }
      },
      "1": { "start": { "line": 6, "column": 4 }, "end": { "line": 8, "column": null } },
      "2": { "start": { "line": 7, "column": 6 }, "end": { "line": 7, "column": null } },
      "3": { "start": { "line": 9, "column": 4 }, "end": { "line": 9, "column": null } },
      "4": {
        "start": { "line": 12, "column": 28 },
        "end": { "line": 12, "column": null }
      },
      "5": {
        "start": { "line": 15, "column": 4 },
        "end": { "line": 15, "column": null }
      },
      "6": {
        "start": { "line": 18, "column": 2 },
        "end": { "line": 38, "column": null }
      },
      "7": {
        "start": { "line": 19, "column": 23 },
        "end": { "line": 19, "column": null }
      },
      "8": {
        "start": { "line": 22, "column": 4 },
        "end": { "line": 22, "column": null }
      },
      "9": {
        "start": { "line": 25, "column": 4 },
        "end": { "line": 29, "column": null }
      },
      "10": {
        "start": { "line": 26, "column": 6 },
        "end": { "line": 26, "column": null }
      },
      "11": {
        "start": { "line": 28, "column": 6 },
        "end": { "line": 28, "column": null }
      },
      "12": {
        "start": { "line": 31, "column": 4 },
        "end": { "line": 37, "column": null }
      },
      "13": {
        "start": { "line": 32, "column": 6 },
        "end": { "line": 36, "column": null }
      },
      "14": {
        "start": { "line": 33, "column": 8 },
        "end": { "line": 33, "column": null }
      },
      "15": {
        "start": { "line": 35, "column": 8 },
        "end": { "line": 35, "column": null }
      },
      "16": {
        "start": { "line": 40, "column": 2 },
        "end": { "line": 40, "column": null }
      }
    },
    "fnMap": {
      "0": {
        "name": "useMediaQuery",
        "decl": {
          "start": { "line": 3, "column": 16 },
          "end": { "line": 3, "column": 30 }
        },
        "loc": {
          "start": { "line": 3, "column": 54 },
          "end": { "line": 41, "column": null }
        },
        "line": 3
      },
      "1": {
        "name": "(anonymous_1)",
        "decl": {
          "start": { "line": 4, "column": 21 },
          "end": { "line": 4, "column": 22 }
        },
        "loc": {
          "start": { "line": 4, "column": 49 },
          "end": { "line": 10, "column": null }
        },
        "line": 4
      },
      "2": {
        "name": "handleChange",
        "decl": {
          "start": { "line": 14, "column": 11 },
          "end": { "line": 14, "column": 26 }
        },
        "loc": {
          "start": { "line": 14, "column": 26 },
          "end": { "line": 16, "column": null }
        },
        "line": 14
      },
      "3": {
        "name": "(anonymous_3)",
        "decl": {
          "start": { "line": 18, "column": 12 },
          "end": { "line": 18, "column": 18 }
        },
        "loc": {
          "start": { "line": 18, "column": 18 },
          "end": { "line": 38, "column": 5 }
        },
        "line": 18
      },
      "4": {
        "name": "(anonymous_4)",
        "decl": {
          "start": { "line": 31, "column": 11 },
          "end": { "line": 31, "column": 17 }
        },
        "loc": {
          "start": { "line": 31, "column": 17 },
          "end": { "line": 37, "column": null }
        },
        "line": 31
      }
    },
    "branchMap": {
      "0": {
        "loc": {
          "start": { "line": 6, "column": 4 },
          "end": { "line": 8, "column": null }
        },
        "type": "if",
        "locations": [
          { "start": { "line": 6, "column": 4 }, "end": { "line": 8, "column": null } },
          { "start": {}, "end": {} }
        ],
        "line": 6
      },
      "1": {
        "loc": {
          "start": { "line": 25, "column": 4 },
          "end": { "line": 29, "column": null }
        },
        "type": "if",
        "locations": [
          { "start": { "line": 25, "column": 4 }, "end": { "line": 29, "column": null } },
          { "start": { "line": 27, "column": 11 }, "end": { "line": 29, "column": null } }
        ],
        "line": 25
      },
      "2": {
        "loc": {
          "start": { "line": 32, "column": 6 },
          "end": { "line": 36, "column": null }
        },
        "type": "if",
        "locations": [
          { "start": { "line": 32, "column": 6 }, "end": { "line": 36, "column": null } },
          { "start": { "line": 34, "column": 13 }, "end": { "line": 36, "column": null } }
        ],
        "line": 32
      }
    },
    "s": {
      "0": 20,
      "1": 35,
      "2": 35,
      "3": 0,
      "4": 20,
      "5": 15,
      "6": 20,
      "7": 15,
      "8": 15,
      "9": 15,
      "10": 13,
      "11": 2,
      "12": 15,
      "13": 15,
      "14": 13,
      "15": 2,
      "16": 20
    },
    "f": { "0": 20, "1": 35, "2": 15, "3": 15, "4": 15 },
    "b": { "0": [35, 0], "1": [13, 2], "2": [13, 2] },
    "meta": {
      "lastBranch": 3,
      "lastFunction": 5,
      "lastStatement": 17,
      "seen": {
        "f:3:16:3:30": 0,
        "s:4:21:10:Infinity": 0,
        "f:4:21:4:22": 1,
        "b:6:4:8:Infinity:undefined:undefined:undefined:undefined": 0,
        "s:6:4:8:Infinity": 1,
        "s:7:6:7:Infinity": 2,
        "s:9:4:9:Infinity": 3,
        "s:12:28:12:Infinity": 4,
        "f:14:11:14:26": 2,
        "s:15:4:15:Infinity": 5,
        "s:18:2:38:Infinity": 6,
        "f:18:12:18:18": 3,
        "s:19:23:19:Infinity": 7,
        "s:22:4:22:Infinity": 8,
        "b:25:4:29:Infinity:27:11:29:Infinity": 1,
        "s:25:4:29:Infinity": 9,
        "s:26:6:26:Infinity": 10,
        "s:28:6:28:Infinity": 11,
        "s:31:4:37:Infinity": 12,
        "f:31:11:31:17": 4,
        "b:32:6:36:Infinity:34:13:36:Infinity": 2,
        "s:32:6:36:Infinity": 13,
        "s:33:8:33:Infinity": 14,
        "s:35:8:35:Infinity": 15,
        "s:40:2:40:Infinity": 16
      }
    }
  },
  "/Users/tomblaymire/Development/tomblaymire.com/src/hooks/useOnClickOutside.ts": {
    "path": "/Users/tomblaymire/Development/tomblaymire.com/src/hooks/useOnClickOutside.ts",
    "statementMap": {
      "0": {
        "start": { "line": 5, "column": 33 },
        "end": { "line": 26, "column": null }
      },
      "1": { "start": { "line": 9, "column": 2 }, "end": { "line": 25, "column": null } },
      "2": {
        "start": { "line": 10, "column": 21 },
        "end": { "line": 16, "column": null }
      },
      "3": {
        "start": { "line": 11, "column": 17 },
        "end": { "line": 11, "column": null }
      },
      "4": {
        "start": { "line": 12, "column": 6 },
        "end": { "line": 12, "column": null }
      },
      "5": {
        "start": { "line": 12, "column": 63 },
        "end": { "line": 12, "column": null }
      },
      "6": {
        "start": { "line": 15, "column": 6 },
        "end": { "line": 15, "column": null }
      },
      "7": {
        "start": { "line": 18, "column": 4 },
        "end": { "line": 18, "column": null }
      },
      "8": {
        "start": { "line": 19, "column": 4 },
        "end": { "line": 19, "column": null }
      },
      "9": {
        "start": { "line": 21, "column": 4 },
        "end": { "line": 24, "column": null }
      },
      "10": {
        "start": { "line": 22, "column": 6 },
        "end": { "line": 22, "column": null }
      },
      "11": {
        "start": { "line": 23, "column": 6 },
        "end": { "line": 23, "column": null }
      }
    },
    "fnMap": {
      "0": {
        "name": "(anonymous_0)",
        "decl": {
          "start": { "line": 5, "column": 33 },
          "end": { "line": 5, "column": null }
        },
        "loc": {
          "start": { "line": 8, "column": 5 },
          "end": { "line": 26, "column": null }
        },
        "line": 8
      },
      "1": {
        "name": "(anonymous_1)",
        "decl": {
          "start": { "line": 9, "column": 12 },
          "end": { "line": 9, "column": 18 }
        },
        "loc": {
          "start": { "line": 9, "column": 18 },
          "end": { "line": 25, "column": 5 }
        },
        "line": 9
      },
      "2": {
        "name": "(anonymous_2)",
        "decl": {
          "start": { "line": 10, "column": 21 },
          "end": { "line": 10, "column": 22 }
        },
        "loc": {
          "start": { "line": 10, "column": 39 },
          "end": { "line": 16, "column": null }
        },
        "line": 10
      },
      "3": {
        "name": "(anonymous_3)",
        "decl": {
          "start": { "line": 21, "column": 11 },
          "end": { "line": 21, "column": 17 }
        },
        "loc": {
          "start": { "line": 21, "column": 17 },
          "end": { "line": 24, "column": null }
        },
        "line": 21
      }
    },
    "branchMap": {
      "0": {
        "loc": {
          "start": { "line": 12, "column": 6 },
          "end": { "line": 12, "column": null }
        },
        "type": "if",
        "locations": [
          { "start": { "line": 12, "column": 6 }, "end": { "line": 12, "column": null } },
          { "start": {}, "end": {} }
        ],
        "line": 12
      },
      "1": {
        "loc": {
          "start": { "line": 12, "column": 10 },
          "end": { "line": 12, "column": 63 }
        },
        "type": "binary-expr",
        "locations": [
          { "start": { "line": 12, "column": 10 }, "end": { "line": 12, "column": 17 } },
          { "start": { "line": 12, "column": 17 }, "end": { "line": 12, "column": 63 } }
        ],
        "line": 12
      },
      "2": {
        "loc": {
          "start": { "line": 12, "column": 30 },
          "end": { "line": 12, "column": 60 }
        },
        "type": "binary-expr",
        "locations": [
          { "start": { "line": 12, "column": 30 }, "end": { "line": 12, "column": 56 } },
          { "start": { "line": 12, "column": 56 }, "end": { "line": 12, "column": 60 } }
        ],
        "line": 12
      }
    },
    "s": {
      "0": 2,
      "1": 10,
      "2": 10,
      "3": 8,
      "4": 8,
      "5": 4,
      "6": 4,
      "7": 10,
      "8": 10,
      "9": 10,
      "10": 10,
      "11": 10
    },
    "f": { "0": 10, "1": 10, "2": 8, "3": 10 },
    "b": { "0": [4, 4], "1": [8, 7], "2": [7, 0] },
    "meta": {
      "lastBranch": 3,
      "lastFunction": 4,
      "lastStatement": 12,
      "seen": {
        "s:5:33:26:Infinity": 0,
        "f:5:33:5:Infinity": 0,
        "s:9:2:25:Infinity": 1,
        "f:9:12:9:18": 1,
        "s:10:21:16:Infinity": 2,
        "f:10:21:10:22": 2,
        "s:11:17:11:Infinity": 3,
        "b:12:6:12:Infinity:undefined:undefined:undefined:undefined": 0,
        "s:12:6:12:Infinity": 4,
        "b:12:10:12:17:12:17:12:63": 1,
        "b:12:30:12:56:12:56:12:60": 2,
        "s:12:63:12:Infinity": 5,
        "s:15:6:15:Infinity": 6,
        "s:18:4:18:Infinity": 7,
        "s:19:4:19:Infinity": 8,
        "s:21:4:24:Infinity": 9,
        "f:21:11:21:17": 3,
        "s:22:6:22:Infinity": 10,
        "s:23:6:23:Infinity": 11
      }
    }
  },
  "/Users/tomblaymire/Development/tomblaymire.com/src/hooks/usePost.ts": {
    "path": "/Users/tomblaymire/Development/tomblaymire.com/src/hooks/usePost.ts",
    "statementMap": {
      "0": {
        "start": { "line": 6, "column": 23 },
        "end": { "line": 17, "column": null }
      },
      "1": { "start": { "line": 7, "column": 8 }, "end": { "line": 10, "column": null } },
      "2": { "start": { "line": 8, "column": 4 }, "end": { "line": 8, "column": null } },
      "3": { "start": { "line": 8, "column": 15 }, "end": { "line": 8, "column": null } },
      "4": { "start": { "line": 9, "column": 4 }, "end": { "line": 9, "column": null } },
      "5": { "start": { "line": 12, "column": 2 }, "end": { "line": 16, "column": null } }
    },
    "fnMap": {
      "0": {
        "name": "(anonymous_0)",
        "decl": {
          "start": { "line": 6, "column": 23 },
          "end": { "line": 6, "column": 24 }
        },
        "loc": {
          "start": { "line": 6, "column": 53 },
          "end": { "line": 17, "column": null }
        },
        "line": 6
      },
      "1": {
        "name": "(anonymous_1)",
        "decl": {
          "start": { "line": 7, "column": 26 },
          "end": { "line": 7, "column": 32 }
        },
        "loc": {
          "start": { "line": 7, "column": 32 },
          "end": { "line": 10, "column": 5 }
        },
        "line": 7
      }
    },
    "branchMap": {
      "0": {
        "loc": {
          "start": { "line": 8, "column": 4 },
          "end": { "line": 8, "column": null }
        },
        "type": "if",
        "locations": [
          { "start": { "line": 8, "column": 4 }, "end": { "line": 8, "column": null } },
          { "start": {}, "end": {} }
        ],
        "line": 8
      },
      "1": {
        "loc": {
          "start": { "line": 14, "column": 11 },
          "end": { "line": 14, "column": null }
        },
        "type": "cond-expr",
        "locations": [
          { "start": { "line": 14, "column": 21 }, "end": { "line": 14, "column": 28 } },
          { "start": { "line": 14, "column": 28 }, "end": { "line": 14, "column": null } }
        ],
        "line": 14
      }
    },
    "s": { "0": 1, "1": 5, "2": 5, "3": 1, "4": 4, "5": 5 },
    "f": { "0": 5, "1": 5 },
    "b": { "0": [1, 4], "1": [3, 2] },
    "meta": {
      "lastBranch": 2,
      "lastFunction": 2,
      "lastStatement": 6,
      "seen": {
        "s:6:23:17:Infinity": 0,
        "f:6:23:6:24": 0,
        "s:7:8:10:Infinity": 1,
        "f:7:26:7:32": 1,
        "b:8:4:8:Infinity:undefined:undefined:undefined:undefined": 0,
        "s:8:4:8:Infinity": 2,
        "s:8:15:8:Infinity": 3,
        "s:9:4:9:Infinity": 4,
        "s:12:2:16:Infinity": 5,
        "b:14:21:14:28:14:28:14:Infinity": 1
      }
    }
  },
  "/Users/tomblaymire/Development/tomblaymire.com/src/hooks/usePosts.ts": {
    "path": "/Users/tomblaymire/Development/tomblaymire.com/src/hooks/usePosts.ts",
    "statementMap": {
      "0": {
        "start": { "line": 6, "column": 24 },
        "end": { "line": 14, "column": null }
      },
      "1": { "start": { "line": 7, "column": 8 }, "end": { "line": 7, "column": null } },
      "2": { "start": { "line": 7, "column": 27 }, "end": { "line": 7, "column": 51 } },
      "3": { "start": { "line": 9, "column": 2 }, "end": { "line": 13, "column": null } }
    },
    "fnMap": {
      "0": {
        "name": "(anonymous_0)",
        "decl": {
          "start": { "line": 6, "column": 24 },
          "end": { "line": 6, "column": 30 }
        },
        "loc": {
          "start": { "line": 6, "column": 30 },
          "end": { "line": 14, "column": null }
        },
        "line": 6
      },
      "1": {
        "name": "(anonymous_1)",
        "decl": {
          "start": { "line": 7, "column": 27 },
          "end": { "line": 7, "column": 33 }
        },
        "loc": {
          "start": { "line": 7, "column": 27 },
          "end": { "line": 7, "column": 51 }
        },
        "line": 7
      }
    },
    "branchMap": {},
    "s": { "0": 2, "1": 9, "2": 9, "3": 9 },
    "f": { "0": 9, "1": 9 },
    "b": {},
    "meta": {
      "lastBranch": 0,
      "lastFunction": 2,
      "lastStatement": 4,
      "seen": {
        "s:6:24:14:Infinity": 0,
        "f:6:24:6:30": 0,
        "s:7:8:7:Infinity": 1,
        "f:7:27:7:33": 1,
        "s:7:27:7:51": 2,
        "s:9:2:13:Infinity": 3
      }
    }
  }
}
